Using pre-set license
Built from '2022.3/staging' branch; Version is '2022.3.4f1 (35713cd46cd7) revision 3502396'; Using compiler version '192829333'; Build Type 'Release'
OS: 'Windows 10  (10.0.19044) 64bit Professional' Language: 'es' Physical Memory: 13461 MB
BatchMode: 1, IsHumanControllingUs: 0, StartBugReporterOnCrash: 0, Is64bit: 1, IsPro: 1

COMMAND LINE ARGUMENTS:
C:\Program Files\Unity\Hub\Editor\2022.3.4f1\Editor\Unity.exe
-adb2
-batchMode
-noUpm
-name
AssetImportWorker8
-projectPath
C:/Users/Administrador/Mercado
-logFile
Logs/AssetImportWorker8.log
-srvPort
50766
Successfully changed project path to: C:/Users/Administrador/Mercado
C:/Users/Administrador/Mercado
[UnityMemory] Configuration Parameters - Can be set up in boot.config
    "memorysetup-bucket-allocator-granularity=16"
    "memorysetup-bucket-allocator-bucket-count=8"
    "memorysetup-bucket-allocator-block-size=33554432"
    "memorysetup-bucket-allocator-block-count=8"
    "memorysetup-main-allocator-block-size=16777216"
    "memorysetup-thread-allocator-block-size=16777216"
    "memorysetup-gfx-main-allocator-block-size=16777216"
    "memorysetup-gfx-thread-allocator-block-size=16777216"
    "memorysetup-cache-allocator-block-size=4194304"
    "memorysetup-typetree-allocator-block-size=2097152"
    "memorysetup-profiler-bucket-allocator-granularity=16"
    "memorysetup-profiler-bucket-allocator-bucket-count=8"
    "memorysetup-profiler-bucket-allocator-block-size=33554432"
    "memorysetup-profiler-bucket-allocator-block-count=8"
    "memorysetup-profiler-allocator-block-size=16777216"
    "memorysetup-profiler-editor-allocator-block-size=1048576"
    "memorysetup-temp-allocator-size-main=16777216"
    "memorysetup-job-temp-allocator-block-size=2097152"
    "memorysetup-job-temp-allocator-block-size-background=1048576"
    "memorysetup-job-temp-allocator-reduction-small-platforms=262144"
    "memorysetup-allocator-temp-initial-block-size-main=262144"
    "memorysetup-allocator-temp-initial-block-size-worker=262144"
    "memorysetup-temp-allocator-size-background-worker=32768"
    "memorysetup-temp-allocator-size-job-worker=262144"
    "memorysetup-temp-allocator-size-preload-manager=33554432"
    "memorysetup-temp-allocator-size-nav-mesh-worker=65536"
    "memorysetup-temp-allocator-size-audio-worker=65536"
    "memorysetup-temp-allocator-size-cloud-worker=32768"
    "memorysetup-temp-allocator-size-gi-baking-worker=262144"
    "memorysetup-temp-allocator-size-gfx=262144"
Player connection [19648] Host "[IP] 172.30.10.28 [Port] 0 [Flags] 2 [Guid] 3837225078 [EditorId] 3837225078 [Version] 1048832 [Id] WindowsEditor(7,GOLDEN) [Debug] 1 [PackageName] WindowsEditor [ProjectName] Editor" joined multi-casting on [225.0.0.222:54997]...

Player connection [19648] Host "[IP] 172.30.10.28 [Port] 0 [Flags] 2 [Guid] 3837225078 [EditorId] 3837225078 [Version] 1048832 [Id] WindowsEditor(7,GOLDEN) [Debug] 1 [PackageName] WindowsEditor [ProjectName] Editor" joined alternative multi-casting on [225.0.0.222:34997]...

Refreshing native plugins compatible for Editor in 15.49 ms, found 3 plugins.
Preloading 0 native plugins for Editor in 0.00 ms.
Initialize engine version: 2022.3.4f1 (35713cd46cd7)
[Subsystems] Discovering subsystems at path C:/Program Files/Unity/Hub/Editor/2022.3.4f1/Editor/Data/Resources/UnitySubsystems
[Subsystems] Discovering subsystems at path C:/Users/Administrador/Mercado/Assets
GfxDevice: creating device client; threaded=0; jobified=0
Direct3D:
    Version:  Direct3D 11.0 [level 11.1]
    Renderer: Intel(R) UHD Graphics 630 (ID=0x9bc5)
    Vendor:   Intel
    VRAM:     6730 MB
    Driver:   30.0.101.1692
Initialize mono
Mono path[0] = 'C:/Program Files/Unity/Hub/Editor/2022.3.4f1/Editor/Data/Managed'
Mono path[1] = 'C:/Program Files/Unity/Hub/Editor/2022.3.4f1/Editor/Data/MonoBleedingEdge/lib/mono/unityjit-win32'
Mono config path = 'C:/Program Files/Unity/Hub/Editor/2022.3.4f1/Editor/Data/MonoBleedingEdge/etc'
Using monoOptions --debugger-agent=transport=dt_socket,embedding=1,server=y,suspend=n,address=127.0.0.1:56280
Begin MonoManager ReloadAssembly
Registering precompiled unity dll's ...
Register platform support module: C:/Program Files/Unity/Hub/Editor/2022.3.4f1/Editor/Data/PlaybackEngines/WebGLSupport/UnityEditor.WebGL.Extensions.dll
Register platform support module: C:/Program Files/Unity/Hub/Editor/2022.3.4f1/Editor/Data/PlaybackEngines/AndroidPlayer/UnityEditor.Android.Extensions.dll
Register platform support module: C:/Program Files/Unity/Hub/Editor/2022.3.4f1/Editor/Data/PlaybackEngines/iOSSupport/UnityEditor.iOS.Extensions.dll
Register platform support module: C:/Program Files/Unity/Hub/Editor/2022.3.4f1/Editor/Data/PlaybackEngines/AppleTVSupport/UnityEditor.AppleTV.Extensions.dll
Register platform support module: C:/Program Files/Unity/Hub/Editor/2022.3.4f1/Editor/Data/PlaybackEngines/WindowsStandaloneSupport/UnityEditor.WindowsStandalone.Extensions.dll
Registered in 0.021622 seconds.
- Loaded All Assemblies, in  0.754 seconds
Native extension for WindowsStandalone target not found
[usbmuxd] Start listen thread
[usbmuxd] Listen thread started
Native extension for AppleTV target not found
[usbmuxd] Start listen thread
[usbmuxd] Listen thread started
Native extension for iOS target not found
Native extension for Android target not found
Android Extension - Scanning For ADB Devices 481 ms
Native extension for WebGL target not found
Mono: successfully reloaded assembly
- Finished resetting the current domain, in  1.191 seconds
Domain Reload Profiling: 1943ms
	BeginReloadAssembly (169ms)
		ExecutionOrderSort (0ms)
		DisableScriptedObjects (0ms)
		BackupInstance (0ms)
		ReleaseScriptingObjects (0ms)
		CreateAndSetChildDomain (2ms)
	RebuildCommonClasses (80ms)
	RebuildNativeTypeToScriptingClass (22ms)
	initialDomainReloadingComplete (139ms)
	LoadAllAssembliesAndSetupDomain (341ms)
		LoadAssemblies (167ms)
		RebuildTransferFunctionScriptingTraits (0ms)
		AnalyzeDomain (327ms)
			TypeCache.Refresh (325ms)
				TypeCache.ScanAssembly (288ms)
			ScanForSourceGeneratedMonoScriptInfo (1ms)
			ResolveRequiredComponents (2ms)
	FinalizeReload (1192ms)
		ReleaseScriptCaches (0ms)
		RebuildScriptCaches (0ms)
		SetupLoadedEditorAssemblies (1065ms)
			LogAssemblyErrors (0ms)
			InitializePlatformSupportModulesInManaged (728ms)
			SetLoadedEditorAssemblies (10ms)
			RefreshPlugins (0ms)
			BeforeProcessingInitializeOnLoad (3ms)
			ProcessInitializeOnLoadAttributes (218ms)
			ProcessInitializeOnLoadMethodAttributes (105ms)
			AfterProcessingInitializeOnLoad (0ms)
			EditorAssembliesLoaded (0ms)
		ExecutionOrderSort2 (0ms)
		AwakeInstancesAfterBackupRestoration (0ms)
========================================================================
Worker process is ready to serve import requests
Begin MonoManager ReloadAssembly
Symbol file LoadedFromMemory doesn't match image C:\Users\Administrador\Mercado\Library\PackageCache\com.unity.visualscripting@1.8.0\Editor\VisualScripting.Core\Dependencies\YamlDotNet\Unity.VisualScripting.YamlDotNet.dll
Symbol file LoadedFromMemory doesn't match image C:\Users\Administrador\Mercado\Library\PackageCache\com.unity.visualscripting@1.8.0\Editor\VisualScripting.Core\Dependencies\DotNetZip\Unity.VisualScripting.IonicZip.dll
- Loaded All Assemblies, in  1.709 seconds
Refreshing native plugins compatible for Editor in 3.23 ms, found 3 plugins.
Native extension for WindowsStandalone target not found
Native extension for AppleTV target not found
Native extension for iOS target not found
Native extension for Android target not found
Native extension for WebGL target not found
[ScriptCompilation] NOT recompiling all scripts because this is an import worker process. Reason to compile was: Define symbols changed
System.ArgumentException: There is no a valid NamedBuildTarget for BuildTargetGroup 'PSM'
  at UnityEditor.Build.NamedBuildTarget.FromBuildTargetGroup (UnityEditor.BuildTargetGroup buildTargetGroup) [0x00159] in <da771086bc2e4cfc9ad0a72e083a7f98>:0 
  at UnityEditor.PlayerSettings.GetScriptingDefineSymbolsForGroup (UnityEditor.BuildTargetGroup targetGroup) [0x00000] in <da771086bc2e4cfc9ad0a72e083a7f98>:0 
  at UnityStandardAssets.CrossPlatformInput.Inspector.CrossPlatformInitialize.GetDefinesList (UnityEditor.BuildTargetGroup group) [0x00000] in C:\Users\Administrador\Mercado\Assets\Game\Level_Dont_Touch\Standard Assets\Editor\CrossPlatformInput\CrossPlatformInputInitialize.cs:135 
  at UnityStandardAssets.CrossPlatformInput.Inspector.CrossPlatformInitialize.SetEnabled (System.String defineName, System.Boolean enable, System.Boolean mobile) [0x00018] in C:\Users\Administrador\Mercado\Assets\Game\Level_Dont_Touch\Standard Assets\Editor\CrossPlatformInput\CrossPlatformInputInitialize.cs:107 
  at UnityStandardAssets.CrossPlatformInput.Inspector.CrossPlatformInitialize..cctor () [0x00050] in C:\Users\Administrador\Mercado\Assets\Game\Level_Dont_Touch\Standard Assets\Editor\CrossPlatformInput\CrossPlatformInputInitialize.cs:22 
UnityEngine.StackTraceUtility:ExtractStackTrace ()
UnityEngine.DebugLogHandler:LogFormat (UnityEngine.LogType,UnityEngine.Object,string,object[])
UnityEngine.Logger:Log (UnityEngine.LogType,object)
UnityEngine.Debug:LogError (object)
UnityEditor.EditorAssemblies:ProcessInitializeOnLoadAttributes (System.Type[])

Mono: successfully reloaded assembly
- Finished resetting the current domain, in  1.167 seconds
Domain Reload Profiling: 2872ms
	BeginReloadAssembly (339ms)
		ExecutionOrderSort (0ms)
		DisableScriptedObjects (9ms)
		BackupInstance (0ms)
		ReleaseScriptingObjects (1ms)
		CreateAndSetChildDomain (55ms)
	RebuildCommonClasses (68ms)
	RebuildNativeTypeToScriptingClass (20ms)
	initialDomainReloadingComplete (91ms)
	LoadAllAssembliesAndSetupDomain (1185ms)
		LoadAssemblies (662ms)
		RebuildTransferFunctionScriptingTraits (0ms)
		AnalyzeDomain (670ms)
			TypeCache.Refresh (644ms)
				TypeCache.ScanAssembly (607ms)
			ScanForSourceGeneratedMonoScriptInfo (20ms)
			ResolveRequiredComponents (6ms)
	FinalizeReload (1168ms)
		ReleaseScriptCaches (0ms)
		RebuildScriptCaches (0ms)
		SetupLoadedEditorAssemblies (811ms)
			LogAssemblyErrors (0ms)
			InitializePlatformSupportModulesInManaged (78ms)
			SetLoadedEditorAssemblies (10ms)
			RefreshPlugins (0ms)
			BeforeProcessingInitializeOnLoad (125ms)
			ProcessInitializeOnLoadAttributes (530ms)
			ProcessInitializeOnLoadMethodAttributes (56ms)
			AfterProcessingInitializeOnLoad (13ms)
			EditorAssembliesLoaded (0ms)
		ExecutionOrderSort2 (0ms)
		AwakeInstancesAfterBackupRestoration (13ms)
Launched and connected shader compiler UnityShaderCompiler.exe after 0.09 seconds
Refreshing native plugins compatible for Editor in 4.81 ms, found 3 plugins.
Preloading 0 native plugins for Editor in 0.00 ms.
Unloading 3130 Unused Serialized files (Serialized files now loaded: 0)
Unloading 31 unused Assets / (56.6 KB). Loaded Objects now: 3602.
Memory consumption went from 125.3 MB to 125.3 MB.
Total: 7.279900 ms (FindLiveObjects: 0.427200 ms CreateObjectMapping: 0.317300 ms MarkObjects: 6.093600 ms  DeleteObjects: 0.438700 ms)

AssetImportParameters requested are different than current active one (requested -> active):
  custom:container-demuxer-ogg: 62fdf1f143b41e24485cea50d1cbac27 -> 
  custom:video-decoder-ogg-theora: a1e56fd34408186e4bbccfd4996cb3dc -> 
  custom:framework-win-MediaFoundation: 216162199b28c13a410421893ffa2e32 -> 
  custom:scripting/monoscript/fileName/NewBehaviourScript.cs: b21687ddb03d73bd9f0c1daecb9714de -> 
  custom:CustomObjectIndexerAttribute: 756ad292c208cfabdd7b50bc23989ffe -> 
  custom:container-demuxer-webm: 4f35f7cbe854078d1ac9338744f61a02 -> 
  custom:container-muxer-webm: aa71ff27fc2769a1b78a27578f13a17b -> 
  custom:video-decoder-webm-vp8: 9c59270c3fd7afecdb556c50c9e8de78 -> 
  custom:AudioImporter_EditorPlatform: d09bf68614088b80899f8185d706f6e7 -> 
  custom:video-encoder-webm-vp8: eb34c28f22e8b96e1ab97ce403110664 -> 
  custom:audio-decoder-ogg-vorbis: bf7c407c2cedff20999df2af8eb42d56 -> 
  custom:audio-encoder-webm-vorbis: bf7c407c2cedff20999df2af8eb42d56 -> 
========================================================================
Received Import Request.
  Time since last request: 15678.125125 seconds.
  path: Assets/Game/Level_Dont_Touch/Environment_Model/Cinema Suite/Cinema Themes/LUTs/Dream3D16.png
  artifactKey: Guid(f027ff24486a4a64b98bed0e899508aa) Importer(2089858483,0ecaa5967403d082aa24f35e1b516d23)
Start importing Assets/Game/Level_Dont_Touch/Environment_Model/Cinema Suite/Cinema Themes/LUTs/Dream3D16.png using Guid(f027ff24486a4a64b98bed0e899508aa) Importer(2089858483,0ecaa5967403d082aa24f35e1b516d23) Generated GUIDs only implemented for interfaces!
 -> (artifact id: '217a35ab5a1652e63026cc79f23251ef') in 0.317262 seconds
Number of updated asset objects reloaded before import = 0
Number of asset objects unloaded after import = 1
========================================================================
Received Import Request.
  Time since last request: 0.000091 seconds.
  path: Assets/Game/Level_Dont_Touch/Environment_Model/Effects/hit_marker_particle/Prefabs/Fireworks.prefab
  artifactKey: Guid(180149b1a35449044a27b451e816d2de) Importer(2089858483,0ecaa5967403d082aa24f35e1b516d23)
Start importing Assets/Game/Level_Dont_Touch/Environment_Model/Effects/hit_marker_particle/Prefabs/Fireworks.prefab using Guid(180149b1a35449044a27b451e816d2de) Importer(2089858483,0ecaa5967403d082aa24f35e1b516d23) Generated GUIDs only implemented for interfaces!
 -> (artifact id: '741c0f9dc2c5054e18a53cd262c33cff') in 0.252022 seconds
Number of updated asset objects reloaded before import = 0
Number of asset objects unloaded after import = 30
========================================================================
Received Import Request.
  Time since last request: 0.000121 seconds.
  path: Assets/Game/Level_Dont_Touch/Environment_Model/Effects/hit_marker_particle/Textures/ParticleCloudWhite.png
  artifactKey: Guid(5b303ff28ad9368468a2edd759cf458d) Importer(2089858483,0ecaa5967403d082aa24f35e1b516d23)
Start importing Assets/Game/Level_Dont_Touch/Environment_Model/Effects/hit_marker_particle/Textures/ParticleCloudWhite.png using Guid(5b303ff28ad9368468a2edd759cf458d) Importer(2089858483,0ecaa5967403d082aa24f35e1b516d23) Generated GUIDs only implemented for interfaces!
 -> (artifact id: '9c84893d3066d0d71f26608612eb3793') in 0.079175 seconds
Number of updated asset objects reloaded before import = 0
Number of asset objects unloaded after import = 1
========================================================================
Received Import Request.
  Time since last request: 0.000173 seconds.
  path: Assets/Game/Level_Dont_Touch/Environment_Model/Effects/hit_marker_particle/Shaders/PriorityParticleAlpha.shader
  artifactKey: Guid(cc4347574b823934ba11785e25895920) Importer(2089858483,0ecaa5967403d082aa24f35e1b516d23)
Start importing Assets/Game/Level_Dont_Touch/Environment_Model/Effects/hit_marker_particle/Shaders/PriorityParticleAlpha.shader using Guid(cc4347574b823934ba11785e25895920) Importer(2089858483,0ecaa5967403d082aa24f35e1b516d23) Generated GUIDs only implemented for interfaces!
 -> (artifact id: '6ef99bab0b911080aae2717be7d419d7') in 0.060438 seconds
Number of updated asset objects reloaded before import = 0
Number of asset objects unloaded after import = 1
========================================================================
Received Import Request.
  Time since last request: 0.000053 seconds.
  path: Assets/Game/Level_Dont_Touch/Environment_Model/Effects/hit_marker_particle/Materials/ParticleSpray.mat
  artifactKey: Guid(3062613153ea47f42a262f065fec69d1) Importer(2089858483,0ecaa5967403d082aa24f35e1b516d23)
Start importing Assets/Game/Level_Dont_Touch/Environment_Model/Effects/hit_marker_particle/Materials/ParticleSpray.mat using Guid(3062613153ea47f42a262f065fec69d1) Importer(2089858483,0ecaa5967403d082aa24f35e1b516d23) Generated GUIDs only implemented for interfaces!
 -> (artifact id: 'a1149290d1f49dc66918f6746ee6213a') in 0.058920 seconds
Number of updated asset objects reloaded before import = 0
Number of asset objects unloaded after import = 2
========================================================================
Received Import Request.
  Time since last request: 0.000044 seconds.
  path: Assets/Game/Level_Dont_Touch/Environment_Model/Market/Lightmap-0_comp_light.exr
  artifactKey: Guid(018c27a970954224899ba72ca16a29fe) Importer(2089858483,0ecaa5967403d082aa24f35e1b516d23)
Start importing Assets/Game/Level_Dont_Touch/Environment_Model/Market/Lightmap-0_comp_light.exr using Guid(018c27a970954224899ba72ca16a29fe) Importer(2089858483,0ecaa5967403d082aa24f35e1b516d23) Generated GUIDs only implemented for interfaces!
 -> (artifact id: 'd3300e33155b40b1992609052bd3c058') in 0.077664 seconds
Number of updated asset objects reloaded before import = 0
Number of asset objects unloaded after import = 1
========================================================================
Received Import Request.
  Time since last request: 0.000040 seconds.
  path: Assets/Game/Level_Dont_Touch/Environment_Model/Effects/hit_marker_particle/Scripts/SmokeParticles.cs
  artifactKey: Guid(4414ab7cd3d674b449d233db0d583605) Importer(2089858483,0ecaa5967403d082aa24f35e1b516d23)
Start importing Assets/Game/Level_Dont_Touch/Environment_Model/Effects/hit_marker_particle/Scripts/SmokeParticles.cs using Guid(4414ab7cd3d674b449d233db0d583605) Importer(2089858483,0ecaa5967403d082aa24f35e1b516d23) Generated GUIDs only implemented for interfaces!
 -> (artifact id: 'e38b15b72e5379f02f86d2282a1ebbc7') in 0.032048 seconds
Number of updated asset objects reloaded before import = 0
Number of asset objects unloaded after import = 1
========================================================================
Received Import Request.
  Time since last request: 0.000064 seconds.
  path: Assets/Game/Level_Dont_Touch/Standard Assets/CrossPlatformInput/Scripts/MobileControlRig.cs
  artifactKey: Guid(71398ce7fbc3a5b4fa50b50bd54317a7) Importer(2089858483,0ecaa5967403d082aa24f35e1b516d23)
Start importing Assets/Game/Level_Dont_Touch/Standard Assets/CrossPlatformInput/Scripts/MobileControlRig.cs using Guid(71398ce7fbc3a5b4fa50b50bd54317a7) Importer(2089858483,0ecaa5967403d082aa24f35e1b516d23) Generated GUIDs only implemented for interfaces!
 -> (artifact id: '32b6cc34f014d421e6d217c14ef030c9') in 0.030559 seconds
Number of updated asset objects reloaded before import = 0
Number of asset objects unloaded after import = 1
========================================================================
Received Import Request.
  Time since last request: 0.000045 seconds.
  path: Assets/Game/Level_Dont_Touch/Environment_Model/Materials/SecurityRoom/SecurityRoomFloor.mat
  artifactKey: Guid(6f66348a4070a4c4fb04de32986786c1) Importer(2089858483,0ecaa5967403d082aa24f35e1b516d23)
Start importing Assets/Game/Level_Dont_Touch/Environment_Model/Materials/SecurityRoom/SecurityRoomFloor.mat using Guid(6f66348a4070a4c4fb04de32986786c1) Importer(2089858483,0ecaa5967403d082aa24f35e1b516d23) Generated GUIDs only implemented for interfaces!
 -> (artifact id: '63f5dbd63d06b0a809f36e48f2b4459e') in 0.045024 seconds
Number of updated asset objects reloaded before import = 0
Number of asset objects unloaded after import = 2
========================================================================
Received Import Request.
  Time since last request: 0.000089 seconds.
  path: Assets/Game/Level_Dont_Touch/Environment_Model/Cinema Suite/Cinema Themes/LUTs/PurpleHaze3D16.png
  artifactKey: Guid(653bc437c06c8064f8d237f33afb8ed6) Importer(2089858483,0ecaa5967403d082aa24f35e1b516d23)
Start importing Assets/Game/Level_Dont_Touch/Environment_Model/Cinema Suite/Cinema Themes/LUTs/PurpleHaze3D16.png using Guid(653bc437c06c8064f8d237f33afb8ed6) Importer(2089858483,0ecaa5967403d082aa24f35e1b516d23) Generated GUIDs only implemented for interfaces!
 -> (artifact id: '71e9854d8ab191a9c543e7221dff4792') in 0.053212 seconds
Number of updated asset objects reloaded before import = 0
Number of asset objects unloaded after import = 1
========================================================================
Received Import Request.
  Time since last request: 0.000043 seconds.
  path: Assets/Game/Level_Dont_Touch/Environment_Model/Animators/Environment/Holograms.controller
  artifactKey: Guid(79d8f088d66c09c4e83a2e94de525501) Importer(2089858483,0ecaa5967403d082aa24f35e1b516d23)
Start importing Assets/Game/Level_Dont_Touch/Environment_Model/Animators/Environment/Holograms.controller using Guid(79d8f088d66c09c4e83a2e94de525501) Importer(2089858483,0ecaa5967403d082aa24f35e1b516d23) Generated GUIDs only implemented for interfaces!
 -> (artifact id: '0c8dfa492c6c4c838ce4bade9f654d51') in 0.032551 seconds
Number of updated asset objects reloaded before import = 0
Number of asset objects unloaded after import = 4
========================================================================
Received Import Request.
  Time since last request: 0.000024 seconds.
  path: Assets/Game/Level_Dont_Touch/Environment_Model/Animations/NPC/CustomerIdle.fbx
  artifactKey: Guid(33113e3691f1fc842a04491169555506) Importer(2089858483,0ecaa5967403d082aa24f35e1b516d23)
Start importing Assets/Game/Level_Dont_Touch/Environment_Model/Animations/NPC/CustomerIdle.fbx using Guid(33113e3691f1fc842a04491169555506) Importer(2089858483,0ecaa5967403d082aa24f35e1b516d23) Generated GUIDs only implemented for interfaces!
 -> (artifact id: '53b53eb96f35ecf80613b374fc8c81d2') in 0.117235 seconds
Number of updated asset objects reloaded before import = 0
Number of asset objects unloaded after import = 141
========================================================================
Received Import Request.
  Time since last request: 0.000056 seconds.
  path: Assets/Game/Level_Dont_Touch/Environment_Model/Textures/Environment/Market/MarketFishSignNeon.png
  artifactKey: Guid(1f7e69f695c34aa4eb96e9309660d3bb) Importer(2089858483,0ecaa5967403d082aa24f35e1b516d23)
Start importing Assets/Game/Level_Dont_Touch/Environment_Model/Textures/Environment/Market/MarketFishSignNeon.png using Guid(1f7e69f695c34aa4eb96e9309660d3bb) Importer(2089858483,0ecaa5967403d082aa24f35e1b516d23) Generated GUIDs only implemented for interfaces!
 -> (artifact id: '16b51a9386f2eb0cac205801f3714ead') in 0.089539 seconds
Number of updated asset objects reloaded before import = 0
Number of asset objects unloaded after import = 6
========================================================================
Received Import Request.
  Time since last request: 0.000068 seconds.
  path: Assets/Game/Level_Dont_Touch/Environment_Model/Effects/hit_marker_particle/Textures/ParticleFlare.png
  artifactKey: Guid(76b24fa8a46a2c14f9a7df1e975dc4b9) Importer(2089858483,0ecaa5967403d082aa24f35e1b516d23)
Start importing Assets/Game/Level_Dont_Touch/Environment_Model/Effects/hit_marker_particle/Textures/ParticleFlare.png using Guid(76b24fa8a46a2c14f9a7df1e975dc4b9) Importer(2089858483,0ecaa5967403d082aa24f35e1b516d23) Generated GUIDs only implemented for interfaces!
 -> (artifact id: '852ad58085ef4eb57d46558003f7fb6d') in 0.050756 seconds
Number of updated asset objects reloaded before import = 0
Number of asset objects unloaded after import = 1
========================================================================
Received Import Request.
  Time since last request: 0.000031 seconds.
  path: Assets/Game/Level_Dont_Touch/Environment_Model/Sci-Fi Weapons/Base Pack/Rifle/Rifle.fbx
  artifactKey: Guid(1dc2a27ad3a63d24bad7f1c6d159013e) Importer(2089858483,0ecaa5967403d082aa24f35e1b516d23)
Start importing Assets/Game/Level_Dont_Touch/Environment_Model/Sci-Fi Weapons/Base Pack/Rifle/Rifle.fbx using Guid(1dc2a27ad3a63d24bad7f1c6d159013e) Importer(2089858483,0ecaa5967403d082aa24f35e1b516d23) Generated GUIDs only implemented for interfaces!
 -> (artifact id: '9f32d881e36ac1fe18df3d34e52eb0b2') in 0.067494 seconds
Number of updated asset objects reloaded before import = 0
Number of asset objects unloaded after import = 44
========================================================================
Received Import Request.
  Time since last request: 0.000020 seconds.
  path: Assets/Game/Level_Dont_Touch/Environment_Model/Sci-Fi Weapons/Base Pack/Pistol/Pistol.fbx
  artifactKey: Guid(cc34ae6a7e465584aa9e4dcc48852048) Importer(2089858483,0ecaa5967403d082aa24f35e1b516d23)
Start importing Assets/Game/Level_Dont_Touch/Environment_Model/Sci-Fi Weapons/Base Pack/Pistol/Pistol.fbx using Guid(cc34ae6a7e465584aa9e4dcc48852048) Importer(2089858483,0ecaa5967403d082aa24f35e1b516d23) Generated GUIDs only implemented for interfaces!
 -> (artifact id: 'f1e31d025d11fd20126d41a71320277d') in 0.059365 seconds
Number of updated asset objects reloaded before import = 0
Number of asset objects unloaded after import = 44
========================================================================
Received Import Request.
  Time since last request: 0.000054 seconds.
  path: Assets/Game/Level_Dont_Touch/Environment_Model/Textures/Environment/Market/MarketSmallTableAlbedo.tif
  artifactKey: Guid(a6511214d0d3cb54f801712341a6289c) Importer(2089858483,0ecaa5967403d082aa24f35e1b516d23)
Start importing Assets/Game/Level_Dont_Touch/Environment_Model/Textures/Environment/Market/MarketSmallTableAlbedo.tif using Guid(a6511214d0d3cb54f801712341a6289c) Importer(2089858483,0ecaa5967403d082aa24f35e1b516d23) Generated GUIDs only implemented for interfaces!
 -> (artifact id: 'e3ebee9d1ef633f295995fc1b125ee40') in 0.055628 seconds
Number of updated asset objects reloaded before import = 0
Number of asset objects unloaded after import = 1
========================================================================
Received Import Request.
  Time since last request: 0.000066 seconds.
  path: Assets/Game/Level_Dont_Touch/Environment_Model/Materials/Market/MarketFoodTrays.mat
  artifactKey: Guid(61678ebbb8fa54046afc6d3f0232531c) Importer(2089858483,0ecaa5967403d082aa24f35e1b516d23)
Start importing Assets/Game/Level_Dont_Touch/Environment_Model/Materials/Market/MarketFoodTrays.mat using Guid(61678ebbb8fa54046afc6d3f0232531c) Importer(2089858483,0ecaa5967403d082aa24f35e1b516d23) Generated GUIDs only implemented for interfaces!
 -> (artifact id: 'fc24a6d1bd5b234e406bd08c30747757') in 0.044526 seconds
Number of updated asset objects reloaded before import = 0
Number of asset objects unloaded after import = 2
========================================================================
Received Import Request.
  Time since last request: 0.000048 seconds.
  path: Assets/Game/Level_Dont_Touch/Environment_Model/Materials/Market/MarketVendingMachine.mat
  artifactKey: Guid(e601b63d46663824d853a55aa1d71001) Importer(2089858483,0ecaa5967403d082aa24f35e1b516d23)
Start importing Assets/Game/Level_Dont_Touch/Environment_Model/Materials/Market/MarketVendingMachine.mat using Guid(e601b63d46663824d853a55aa1d71001) Importer(2089858483,0ecaa5967403d082aa24f35e1b516d23) Generated GUIDs only implemented for interfaces!
 -> (artifact id: '0163bb2b10c2fa0347be1e7a627b5423') in 0.040622 seconds
Number of updated asset objects reloaded before import = 0
Number of asset objects unloaded after import = 2
========================================================================
Received Import Request.
  Time since last request: 0.000016 seconds.
  path: Assets/Game/Level_Dont_Touch/Environment_Model/Textures/Environment/Market/MarketVendingMachineGlassAlbedo.tif
  artifactKey: Guid(6da39cb2fe8f79b40ac48cb35d42deff) Importer(2089858483,0ecaa5967403d082aa24f35e1b516d23)
Start importing Assets/Game/Level_Dont_Touch/Environment_Model/Textures/Environment/Market/MarketVendingMachineGlassAlbedo.tif using Guid(6da39cb2fe8f79b40ac48cb35d42deff) Importer(2089858483,0ecaa5967403d082aa24f35e1b516d23) Generated GUIDs only implemented for interfaces!
 -> (artifact id: '6bdc7e8d3b3c1c5cf340df4d5a40fe9d') in 0.041525 seconds
Number of updated asset objects reloaded before import = 0
Number of asset objects unloaded after import = 1
========================================================================
Received Import Request.
  Time since last request: 0.000045 seconds.
  path: Assets/Game/Level_Dont_Touch/Standard Assets/CrossPlatformInput/Scripts/PlatformSpecific/StandaloneInput.cs
  artifactKey: Guid(9961032f4f02c4f41997c3ea399d2f22) Importer(2089858483,0ecaa5967403d082aa24f35e1b516d23)
Start importing Assets/Game/Level_Dont_Touch/Standard Assets/CrossPlatformInput/Scripts/PlatformSpecific/StandaloneInput.cs using Guid(9961032f4f02c4f41997c3ea399d2f22) Importer(2089858483,0ecaa5967403d082aa24f35e1b516d23) Generated GUIDs only implemented for interfaces!
 -> (artifact id: '733953004744ba3db125a5a31adb71d7') in 0.022399 seconds
Number of updated asset objects reloaded before import = 0
Number of asset objects unloaded after import = 1
========================================================================
Received Import Request.
  Time since last request: 0.000058 seconds.
  path: Assets/Game/Level_Dont_Touch/Standard Assets/Characters/ThirdPersonCharacter/Scripts/ThirdPersonUserControl.cs
  artifactKey: Guid(521b611700410be45810047f0a74e899) Importer(2089858483,0ecaa5967403d082aa24f35e1b516d23)
Start importing Assets/Game/Level_Dont_Touch/Standard Assets/Characters/ThirdPersonCharacter/Scripts/ThirdPersonUserControl.cs using Guid(521b611700410be45810047f0a74e899) Importer(2089858483,0ecaa5967403d082aa24f35e1b516d23) Generated GUIDs only implemented for interfaces!
 -> (artifact id: '92c5ec394bed4a9220669272dae38060') in 0.033577 seconds
Number of updated asset objects reloaded before import = 0
Number of asset objects unloaded after import = 1
========================================================================
Received Import Request.
  Time since last request: 0.000064 seconds.
  path: Assets/Game/Level_Dont_Touch/Environment_Model/Textures/Environment/SecurityRoom/FloorLight.tif
  artifactKey: Guid(d0063a7e961263b4d8c43f7dc163ef52) Importer(2089858483,0ecaa5967403d082aa24f35e1b516d23)
Start importing Assets/Game/Level_Dont_Touch/Environment_Model/Textures/Environment/SecurityRoom/FloorLight.tif using Guid(d0063a7e961263b4d8c43f7dc163ef52) Importer(2089858483,0ecaa5967403d082aa24f35e1b516d23) Generated GUIDs only implemented for interfaces!
 -> (artifact id: 'bfecb77c275d2df14d991b82e606be44') in 0.047910 seconds
Number of updated asset objects reloaded before import = 0
Number of asset objects unloaded after import = 1
========================================================================
Received Import Request.
  Time since last request: 0.000032 seconds.
  path: Assets/Game/Level_Dont_Touch/Environment_Model/Textures/Environment/Market/MarketSpiceBagsSpec.tif
  artifactKey: Guid(284ae6c3cc4874a40a64934678cff03f) Importer(2089858483,0ecaa5967403d082aa24f35e1b516d23)
Start importing Assets/Game/Level_Dont_Touch/Environment_Model/Textures/Environment/Market/MarketSpiceBagsSpec.tif using Guid(284ae6c3cc4874a40a64934678cff03f) Importer(2089858483,0ecaa5967403d082aa24f35e1b516d23) Generated GUIDs only implemented for interfaces!
 -> (artifact id: '3d26fcf1b572b136bb84944af7a6d2f2') in 0.051260 seconds
Number of updated asset objects reloaded before import = 0
Number of asset objects unloaded after import = 1
========================================================================
Received Import Request.
  Time since last request: 0.000072 seconds.
  path: Assets/Game/Level_Dont_Touch/Environment_Model/Textures/Environment/SecurityRoom/SecurityRoomCameraAlbedo.tif
  artifactKey: Guid(8bb99954e5abb1b41846a2b1eeef7504) Importer(2089858483,0ecaa5967403d082aa24f35e1b516d23)
Start importing Assets/Game/Level_Dont_Touch/Environment_Model/Textures/Environment/SecurityRoom/SecurityRoomCameraAlbedo.tif using Guid(8bb99954e5abb1b41846a2b1eeef7504) Importer(2089858483,0ecaa5967403d082aa24f35e1b516d23) Generated GUIDs only implemented for interfaces!
 -> (artifact id: '1e779769636492f1fddf53a4798325bf') in 0.053027 seconds
Number of updated asset objects reloaded before import = 0
Number of asset objects unloaded after import = 1
========================================================================
Received Import Request.
  Time since last request: 0.000038 seconds.
  path: Assets/Game/Level_Dont_Touch/Environment_Model/Textures/Environment/SecurityRoom/SecurityRoomFloorAlbedo.tif
  artifactKey: Guid(1bcc788d0e1020646bd703ed8ecdd29d) Importer(2089858483,0ecaa5967403d082aa24f35e1b516d23)
Start importing Assets/Game/Level_Dont_Touch/Environment_Model/Textures/Environment/SecurityRoom/SecurityRoomFloorAlbedo.tif using Guid(1bcc788d0e1020646bd703ed8ecdd29d) Importer(2089858483,0ecaa5967403d082aa24f35e1b516d23) Generated GUIDs only implemented for interfaces!
 -> (artifact id: '7bbdf641241b8512bf5a73179f856c56') in 0.049811 seconds
Number of updated asset objects reloaded before import = 0
Number of asset objects unloaded after import = 1
========================================================================
Received Import Request.
  Time since last request: 0.000085 seconds.
  path: Assets/Game/Level_Dont_Touch/Environment_Model/Textures/Environment/Market/MarketWallStoneAlbedo.tif
  artifactKey: Guid(9297a9fd8cd107445bb53365671f2576) Importer(2089858483,0ecaa5967403d082aa24f35e1b516d23)
Start importing Assets/Game/Level_Dont_Touch/Environment_Model/Textures/Environment/Market/MarketWallStoneAlbedo.tif using Guid(9297a9fd8cd107445bb53365671f2576) Importer(2089858483,0ecaa5967403d082aa24f35e1b516d23) Generated GUIDs only implemented for interfaces!
 -> (artifact id: 'ac9bbc2d07867b24741d62189e28416e') in 0.045032 seconds
Number of updated asset objects reloaded before import = 0
Number of asset objects unloaded after import = 1
========================================================================
Received Import Request.
  Time since last request: 0.000064 seconds.
  path: Assets/Game/Level_Dont_Touch/Environment_Model/Textures/Environment/SecurityRoom/SecurityRoomSecurityGateAlbedo.tif
  artifactKey: Guid(49d25d1acab51f14d9027f34709789b7) Importer(2089858483,0ecaa5967403d082aa24f35e1b516d23)
Start importing Assets/Game/Level_Dont_Touch/Environment_Model/Textures/Environment/SecurityRoom/SecurityRoomSecurityGateAlbedo.tif using Guid(49d25d1acab51f14d9027f34709789b7) Importer(2089858483,0ecaa5967403d082aa24f35e1b516d23) Generated GUIDs only implemented for interfaces!
 -> (artifact id: '829589a10142cf105b107f3d7aafa3af') in 0.039980 seconds
Number of updated asset objects reloaded before import = 0
Number of asset objects unloaded after import = 1
========================================================================
Received Import Request.
  Time since last request: 0.000020 seconds.
  path: Assets/Game/Level_Dont_Touch/Environment_Model/Materials/Market/MarketWallStone.mat
  artifactKey: Guid(841101597fac029489d23f6adc912343) Importer(2089858483,0ecaa5967403d082aa24f35e1b516d23)
Start importing Assets/Game/Level_Dont_Touch/Environment_Model/Materials/Market/MarketWallStone.mat using Guid(841101597fac029489d23f6adc912343) Importer(2089858483,0ecaa5967403d082aa24f35e1b516d23) Generated GUIDs only implemented for interfaces!
 -> (artifact id: '166bb787185665b4ad94cc67066aa16f') in 0.031011 seconds
Number of updated asset objects reloaded before import = 0
Number of asset objects unloaded after import = 2
========================================================================
Received Import Request.
  Time since last request: 0.000164 seconds.
  path: Assets/Game/Level_Dont_Touch/Environment_Model/Models/Materials/SecurityRoom_PotPlant_Leaf.mat
  artifactKey: Guid(61fad9b4611074b4998e04a3b16084f8) Importer(2089858483,0ecaa5967403d082aa24f35e1b516d23)
Start importing Assets/Game/Level_Dont_Touch/Environment_Model/Models/Materials/SecurityRoom_PotPlant_Leaf.mat using Guid(61fad9b4611074b4998e04a3b16084f8) Importer(2089858483,0ecaa5967403d082aa24f35e1b516d23) Generated GUIDs only implemented for interfaces!
 -> (artifact id: 'ba7f548c6548e52175aac464e902c9c7') in 0.029427 seconds
Number of updated asset objects reloaded before import = 0
Number of asset objects unloaded after import = 1
========================================================================
Received Import Request.
  Time since last request: 0.000149 seconds.
  path: Assets/Game/Level_Dont_Touch/Environment_Model/AudioClips/VoiceOver/Player/PlayerPickUpFish.ogg
  artifactKey: Guid(754e60097902b4234b185dc059451525) Importer(2089858483,0ecaa5967403d082aa24f35e1b516d23)
Start importing Assets/Game/Level_Dont_Touch/Environment_Model/AudioClips/VoiceOver/Player/PlayerPickUpFish.ogg using Guid(754e60097902b4234b185dc059451525) Importer(2089858483,0ecaa5967403d082aa24f35e1b516d23) Generated GUIDs only implemented for interfaces!
 -> (artifact id: '67845cd7ca73111a73ba5e21d61d4ca0') in 0.102721 seconds
Number of updated asset objects reloaded before import = 0
Number of asset objects unloaded after import = 1
========================================================================
Received Import Request.
  Time since last request: 0.000063 seconds.
  path: Assets/Game/Level_Dont_Touch/Environment_Model/Sci-Fi Weapons/Base Pack/Prefabs/Pistol/Pistol_01.prefab
  artifactKey: Guid(57bf5071e0a1c8947b8918a8f96184a6) Importer(2089858483,0ecaa5967403d082aa24f35e1b516d23)
Start importing Assets/Game/Level_Dont_Touch/Environment_Model/Sci-Fi Weapons/Base Pack/Prefabs/Pistol/Pistol_01.prefab using Guid(57bf5071e0a1c8947b8918a8f96184a6) Importer(2089858483,0ecaa5967403d082aa24f35e1b516d23) Generated GUIDs only implemented for interfaces!
 -> (artifact id: '3d2c73a56a41353f65e948c963e28591') in 0.023552 seconds
Number of updated asset objects reloaded before import = 0
Number of asset objects unloaded after import = 44
========================================================================
Received Import Request.
  Time since last request: 0.000064 seconds.
  path: Assets/Game/Level_Dont_Touch/Environment_Model/Sci-Fi Weapons/Base Pack/Heavy/Materials/Heavy_08.mat
  artifactKey: Guid(52990b8f3d88e124dbe93b83a73a66f8) Importer(2089858483,0ecaa5967403d082aa24f35e1b516d23)
Start importing Assets/Game/Level_Dont_Touch/Environment_Model/Sci-Fi Weapons/Base Pack/Heavy/Materials/Heavy_08.mat using Guid(52990b8f3d88e124dbe93b83a73a66f8) Importer(2089858483,0ecaa5967403d082aa24f35e1b516d23) Generated GUIDs only implemented for interfaces!
 -> (artifact id: 'a1bef6e1b4213d95f491103639664053') in 0.079345 seconds
Number of updated asset objects reloaded before import = 0
Number of asset objects unloaded after import = 6
========================================================================
Received Import Request.
  Time since last request: 0.000071 seconds.
  path: Assets/Game/Level_Dont_Touch/Environment_Model/Sci-Fi Weapons/Base Pack/Prefabs/Rifles/Rifle_06.prefab
  artifactKey: Guid(119551172e2002344983c075ab97ef79) Importer(2089858483,0ecaa5967403d082aa24f35e1b516d23)
Start importing Assets/Game/Level_Dont_Touch/Environment_Model/Sci-Fi Weapons/Base Pack/Prefabs/Rifles/Rifle_06.prefab using Guid(119551172e2002344983c075ab97ef79) Importer(2089858483,0ecaa5967403d082aa24f35e1b516d23) Generated GUIDs only implemented for interfaces!
 -> (artifact id: 'b75fe843a7091c9eca4418941f727a4f') in 0.027717 seconds
Number of updated asset objects reloaded before import = 0
Number of asset objects unloaded after import = 44
========================================================================
Received Import Request.
  Time since last request: 0.000104 seconds.
  path: Assets/Game/Level_Dont_Touch/Environment_Model/Cinema Suite/About/Editor/Resources/Cinema_Suite_Facebook_Personal.png
  artifactKey: Guid(634788e1032be06409794f9ededa007a) Importer(2089858483,0ecaa5967403d082aa24f35e1b516d23)
Start importing Assets/Game/Level_Dont_Touch/Environment_Model/Cinema Suite/About/Editor/Resources/Cinema_Suite_Facebook_Personal.png using Guid(634788e1032be06409794f9ededa007a) Importer(2089858483,0ecaa5967403d082aa24f35e1b516d23) Generated GUIDs only implemented for interfaces!
 -> (artifact id: '76c0d93c2cfc57a3dd625334e8359ac6') in 0.049858 seconds
Number of updated asset objects reloaded before import = 0
Number of asset objects unloaded after import = 1
========================================================================
Received Import Request.
  Time since last request: 0.000101 seconds.
  path: Assets/Game/Level_Dont_Touch/Environment_Model/Sci-Fi Weapons/Base Pack/Heavy/Textures/Variation 08/Heavy_08_Metallic.png
  artifactKey: Guid(90fc5e61192a0a94f92c54d68e536481) Importer(2089858483,0ecaa5967403d082aa24f35e1b516d23)
Start importing Assets/Game/Level_Dont_Touch/Environment_Model/Sci-Fi Weapons/Base Pack/Heavy/Textures/Variation 08/Heavy_08_Metallic.png using Guid(90fc5e61192a0a94f92c54d68e536481) Importer(2089858483,0ecaa5967403d082aa24f35e1b516d23) Generated GUIDs only implemented for interfaces!
 -> (artifact id: 'b9a0ce85598073b60fd4021064898f94') in 0.057377 seconds
Number of updated asset objects reloaded before import = 0
Number of asset objects unloaded after import = 1
========================================================================
Received Import Request.
  Time since last request: 0.000100 seconds.
  path: Assets/Game/Level_Dont_Touch/Environment_Model/Cinema Suite/About/Editor/Resources/ProCamsKeyImage.png
  artifactKey: Guid(af281bd45ca900c49b103bbe24ed2850) Importer(2089858483,0ecaa5967403d082aa24f35e1b516d23)
Start importing Assets/Game/Level_Dont_Touch/Environment_Model/Cinema Suite/About/Editor/Resources/ProCamsKeyImage.png using Guid(af281bd45ca900c49b103bbe24ed2850) Importer(2089858483,0ecaa5967403d082aa24f35e1b516d23) Generated GUIDs only implemented for interfaces!
 -> (artifact id: '1e88b7227ebee4cd5125d6b0487951e6') in 0.065386 seconds
Number of updated asset objects reloaded before import = 0
Number of asset objects unloaded after import = 1
========================================================================
Received Import Request.
  Time since last request: 0.000081 seconds.
  path: Assets/Game/Level_Dont_Touch/Environment_Model/Sci-Fi Weapons/Base Pack/Rifle/Materials/Rifle_06.mat
  artifactKey: Guid(1abcf29cc0768dd46bb76e6032c58918) Importer(2089858483,0ecaa5967403d082aa24f35e1b516d23)
Start importing Assets/Game/Level_Dont_Touch/Environment_Model/Sci-Fi Weapons/Base Pack/Rifle/Materials/Rifle_06.mat using Guid(1abcf29cc0768dd46bb76e6032c58918) Importer(2089858483,0ecaa5967403d082aa24f35e1b516d23) Generated GUIDs only implemented for interfaces!
 -> (artifact id: 'f4604960c069a3730a71ee217969d554') in 0.076998 seconds
Number of updated asset objects reloaded before import = 0
Number of asset objects unloaded after import = 6
========================================================================
Received Import Request.
  Time since last request: 0.000031 seconds.
  path: Assets/Game/Level_Dont_Touch/Environment_Model/Cinema Suite/About/Editor/Resources/ThemesGetItFree.png
  artifactKey: Guid(8cb77d9b17f6c0449b09c8c7cf2ae5c8) Importer(2089858483,0ecaa5967403d082aa24f35e1b516d23)
Start importing Assets/Game/Level_Dont_Touch/Environment_Model/Cinema Suite/About/Editor/Resources/ThemesGetItFree.png using Guid(8cb77d9b17f6c0449b09c8c7cf2ae5c8) Importer(2089858483,0ecaa5967403d082aa24f35e1b516d23) Generated GUIDs only implemented for interfaces!
 -> (artifact id: 'f80b5b5fbe069a53e5d8e8b0e497ee56') in 0.047785 seconds
Number of updated asset objects reloaded before import = 0
Number of asset objects unloaded after import = 1
========================================================================
Received Import Request.
  Time since last request: 0.000050 seconds.
  path: Assets/Game/Level_Dont_Touch/Environment_Model/Cinema Suite/About/Editor/Resources/Cinema_Suite_Video_Pro.png
  artifactKey: Guid(6a9bda8dfebe1ba4ba137fa7cde03c2e) Importer(2089858483,0ecaa5967403d082aa24f35e1b516d23)
Start importing Assets/Game/Level_Dont_Touch/Environment_Model/Cinema Suite/About/Editor/Resources/Cinema_Suite_Video_Pro.png using Guid(6a9bda8dfebe1ba4ba137fa7cde03c2e) Importer(2089858483,0ecaa5967403d082aa24f35e1b516d23) Generated GUIDs only implemented for interfaces!
 -> (artifact id: 'e0b1f5b6679ad4ba649cf561811b1856') in 0.044991 seconds
Number of updated asset objects reloaded before import = 0
Number of asset objects unloaded after import = 1
========================================================================
Received Import Request.
  Time since last request: 0.000063 seconds.
  path: Assets/Game/Level_Dont_Touch/Environment_Model/Sci-Fi Weapons/Base Pack/Sniper/Textures/Shared/Sniper_Occlusion.png
  artifactKey: Guid(271fd7bcf76888b47882263cbd0c376d) Importer(2089858483,0ecaa5967403d082aa24f35e1b516d23)
Start importing Assets/Game/Level_Dont_Touch/Environment_Model/Sci-Fi Weapons/Base Pack/Sniper/Textures/Shared/Sniper_Occlusion.png using Guid(271fd7bcf76888b47882263cbd0c376d) Importer(2089858483,0ecaa5967403d082aa24f35e1b516d23) Generated GUIDs only implemented for interfaces!
 -> (artifact id: 'd99dd57599c61ba66355d1380735d3e5') in 0.049416 seconds
Number of updated asset objects reloaded before import = 0
Number of asset objects unloaded after import = 1
========================================================================
Received Import Request.
  Time since last request: 0.000058 seconds.
  path: Assets/Game/Level_Dont_Touch/Environment_Model/Sci-Fi Weapons/Base Pack/Sniper/Textures/Variation 04/Sniper_04_Albedo.png
  artifactKey: Guid(6804dfc436dc88f409375044f19f3f58) Importer(2089858483,0ecaa5967403d082aa24f35e1b516d23)
Start importing Assets/Game/Level_Dont_Touch/Environment_Model/Sci-Fi Weapons/Base Pack/Sniper/Textures/Variation 04/Sniper_04_Albedo.png using Guid(6804dfc436dc88f409375044f19f3f58) Importer(2089858483,0ecaa5967403d082aa24f35e1b516d23) Generated GUIDs only implemented for interfaces!
 -> (artifact id: '290b0a4a1f74aafc23efee7cfb51d306') in 0.056894 seconds
Number of updated asset objects reloaded before import = 0
Number of asset objects unloaded after import = 1
========================================================================
Received Import Request.
  Time since last request: 0.000064 seconds.
  path: Assets/Game/Level_Dont_Touch/Environment_Model/Sci-Fi Weapons/Base Pack/Rifle/Textures/Shared/Rifle_Normal.png
  artifactKey: Guid(b141808e3dd276349a2712a0f57aafeb) Importer(2089858483,0ecaa5967403d082aa24f35e1b516d23)
Start importing Assets/Game/Level_Dont_Touch/Environment_Model/Sci-Fi Weapons/Base Pack/Rifle/Textures/Shared/Rifle_Normal.png using Guid(b141808e3dd276349a2712a0f57aafeb) Importer(2089858483,0ecaa5967403d082aa24f35e1b516d23) Generated GUIDs only implemented for interfaces!
 -> (artifact id: '7e0d0c8cd1517aa73a91fa0233911544') in 0.063867 seconds
Number of updated asset objects reloaded before import = 0
Number of asset objects unloaded after import = 1
========================================================================
Received Import Request.
  Time since last request: 0.000054 seconds.
  path: Assets/Game/Level_Dont_Touch/Environment_Model/Sci-Fi Weapons/Base Pack/Prefabs/Snipers/Sniper_04.prefab
  artifactKey: Guid(0460a539b95c36d43a61b9c176cdca57) Importer(2089858483,0ecaa5967403d082aa24f35e1b516d23)
Start importing Assets/Game/Level_Dont_Touch/Environment_Model/Sci-Fi Weapons/Base Pack/Prefabs/Snipers/Sniper_04.prefab using Guid(0460a539b95c36d43a61b9c176cdca57) Importer(2089858483,0ecaa5967403d082aa24f35e1b516d23) Generated GUIDs only implemented for interfaces!
 -> (artifact id: '96a8f29f17f1b3d035ef7f978852753a') in 0.026815 seconds
Number of updated asset objects reloaded before import = 0
Number of asset objects unloaded after import = 59
========================================================================
Received Import Request.
  Time since last request: 0.000028 seconds.
  path: Assets/Game/Level_Dont_Touch/Environment_Model/Textures/Environment/SecurityRoom/SecurityRoomCompanyLogoAlbedo.tif
  artifactKey: Guid(84ebeb3e2147ad8428f2e0aa3444a8b6) Importer(2089858483,0ecaa5967403d082aa24f35e1b516d23)
Start importing Assets/Game/Level_Dont_Touch/Environment_Model/Textures/Environment/SecurityRoom/SecurityRoomCompanyLogoAlbedo.tif using Guid(84ebeb3e2147ad8428f2e0aa3444a8b6) Importer(2089858483,0ecaa5967403d082aa24f35e1b516d23) Generated GUIDs only implemented for interfaces!
 -> (artifact id: 'caa0572cff06cdef7861919383a2a876') in 0.043120 seconds
Number of updated asset objects reloaded before import = 0
Number of asset objects unloaded after import = 1
========================================================================
Received Import Request.
  Time since last request: 0.000054 seconds.
  path: Assets/Game/Level_Dont_Touch/Environment_Model/Shaders/Hologram.shader
  artifactKey: Guid(7635c0ad095ddcb4389731c35e45c833) Importer(2089858483,0ecaa5967403d082aa24f35e1b516d23)
Start importing Assets/Game/Level_Dont_Touch/Environment_Model/Shaders/Hologram.shader using Guid(7635c0ad095ddcb4389731c35e45c833) Importer(2089858483,0ecaa5967403d082aa24f35e1b516d23) Generated GUIDs only implemented for interfaces!
 -> (artifact id: '5b3ec834ea8d7f6214c357a878764611') in 0.022848 seconds
Number of updated asset objects reloaded before import = 0
Number of asset objects unloaded after import = 1
========================================================================
Received Import Request.
  Time since last request: 0.000083 seconds.
  path: Assets/Game/Level_Dont_Touch/Environment_Model/Cinema Suite/Cinema Themes/LUTs/AlienWorld3D16.png
  artifactKey: Guid(6e1279dbe1b15a94ab375c40b525c44c) Importer(2089858483,0ecaa5967403d082aa24f35e1b516d23)
Start importing Assets/Game/Level_Dont_Touch/Environment_Model/Cinema Suite/Cinema Themes/LUTs/AlienWorld3D16.png using Guid(6e1279dbe1b15a94ab375c40b525c44c) Importer(2089858483,0ecaa5967403d082aa24f35e1b516d23) Generated GUIDs only implemented for interfaces!
 -> (artifact id: '83015ef39a91d6424a6da4bc07ca4ae4') in 0.048841 seconds
Number of updated asset objects reloaded before import = 0
Number of asset objects unloaded after import = 1
========================================================================
Received Import Request.
  Time since last request: 0.000029 seconds.
  path: Assets/Game/Level_Dont_Touch/Environment_Model/Effects/hit_marker_particle/Materials/ParticleDuststorm.mat
  artifactKey: Guid(7911795df27dd464190eed77dda90191) Importer(2089858483,0ecaa5967403d082aa24f35e1b516d23)
Start importing Assets/Game/Level_Dont_Touch/Environment_Model/Effects/hit_marker_particle/Materials/ParticleDuststorm.mat using Guid(7911795df27dd464190eed77dda90191) Importer(2089858483,0ecaa5967403d082aa24f35e1b516d23) Generated GUIDs only implemented for interfaces!
 -> (artifact id: 'd808eb8a8298052be3bd81fb78f82e9d') in 0.026621 seconds
Number of updated asset objects reloaded before import = 0
Number of asset objects unloaded after import = 2
========================================================================
Received Import Request.
  Time since last request: 0.000052 seconds.
  path: Assets/Game/Level_Dont_Touch/Environment_Model/Textures/Environment/Market/MarketFoodTraysAlbedo.tif
  artifactKey: Guid(869476bbc9b93a7479c092965001b301) Importer(2089858483,0ecaa5967403d082aa24f35e1b516d23)
Start importing Assets/Game/Level_Dont_Touch/Environment_Model/Textures/Environment/Market/MarketFoodTraysAlbedo.tif using Guid(869476bbc9b93a7479c092965001b301) Importer(2089858483,0ecaa5967403d082aa24f35e1b516d23) Generated GUIDs only implemented for interfaces!
 -> (artifact id: 'ec66fa9cce729378befc1efcd0c6444d') in 0.042987 seconds
Number of updated asset objects reloaded before import = 0
Number of asset objects unloaded after import = 1
========================================================================
Received Import Request.
  Time since last request: 0.000066 seconds.
  path: Assets/Game/Level_Dont_Touch/Environment_Model/Sci-Fi Weapons/Base Pack/Ground.mat
  artifactKey: Guid(b735f57067182b14f809e132ac0a6536) Importer(2089858483,0ecaa5967403d082aa24f35e1b516d23)
Start importing Assets/Game/Level_Dont_Touch/Environment_Model/Sci-Fi Weapons/Base Pack/Ground.mat using Guid(b735f57067182b14f809e132ac0a6536) Importer(2089858483,0ecaa5967403d082aa24f35e1b516d23) Generated GUIDs only implemented for interfaces!
 -> (artifact id: 'b20b38dd7c23bfd6390477c77a7ab405') in 0.026687 seconds
Number of updated asset objects reloaded before import = 0
Number of asset objects unloaded after import = 1
========================================================================
Received Import Request.
  Time since last request: 0.000080 seconds.
  path: Assets/Game/Level_Dont_Touch/Environment_Model/Animators/Environment/FishSignNeon.controller
  artifactKey: Guid(937a26c581812c44988068bba4f17c7a) Importer(2089858483,0ecaa5967403d082aa24f35e1b516d23)
Start importing Assets/Game/Level_Dont_Touch/Environment_Model/Animators/Environment/FishSignNeon.controller using Guid(937a26c581812c44988068bba4f17c7a) Importer(2089858483,0ecaa5967403d082aa24f35e1b516d23) Generated GUIDs only implemented for interfaces!
 -> (artifact id: '2a4c5831325c0d9f00304fb72e3cd308') in 0.024173 seconds
Number of updated asset objects reloaded before import = 0
Number of asset objects unloaded after import = 4
========================================================================
Received Import Request.
  Time since last request: 0.000028 seconds.
  path: Assets/Game/Level_Dont_Touch/Environment_Model/Cinema Suite/Documents/CinemaThemesReadMe.txt
  artifactKey: Guid(169a70c35f1cba141ad33e44e682f91a) Importer(2089858483,0ecaa5967403d082aa24f35e1b516d23)
Start importing Assets/Game/Level_Dont_Touch/Environment_Model/Cinema Suite/Documents/CinemaThemesReadMe.txt using Guid(169a70c35f1cba141ad33e44e682f91a) Importer(2089858483,0ecaa5967403d082aa24f35e1b516d23) Generated GUIDs only implemented for interfaces!
 -> (artifact id: '68927680ec5ca98ddba5d4bd2bac7238') in 0.029066 seconds
Number of updated asset objects reloaded before import = 0
Number of asset objects unloaded after import = 1
========================================================================
Received Import Request.
  Time since last request: 0.000022 seconds.
  path: Assets/Game/Level_Dont_Touch/Standard Assets/CrossPlatformInput/Scripts/VirtualInput.cs
  artifactKey: Guid(0f57aeb1b8dce3342bea5c28ac17db24) Importer(2089858483,0ecaa5967403d082aa24f35e1b516d23)
Start importing Assets/Game/Level_Dont_Touch/Standard Assets/CrossPlatformInput/Scripts/VirtualInput.cs using Guid(0f57aeb1b8dce3342bea5c28ac17db24) Importer(2089858483,0ecaa5967403d082aa24f35e1b516d23) Generated GUIDs only implemented for interfaces!
 -> (artifact id: 'c6b4aed53365b327a8924797c16e1b90') in 0.027093 seconds
Number of updated asset objects reloaded before import = 0
Number of asset objects unloaded after import = 1
========================================================================
Received Import Request.
  Time since last request: 0.000034 seconds.
  path: Assets/Game/Level_Dont_Touch/Environment_Model/Effects/hit_marker_particle/Materials/ParticleSmokeVertlit.mat
  artifactKey: Guid(225843b6084e75440a6ea970a17c93aa) Importer(2089858483,0ecaa5967403d082aa24f35e1b516d23)
Start importing Assets/Game/Level_Dont_Touch/Environment_Model/Effects/hit_marker_particle/Materials/ParticleSmokeVertlit.mat using Guid(225843b6084e75440a6ea970a17c93aa) Importer(2089858483,0ecaa5967403d082aa24f35e1b516d23) Generated GUIDs only implemented for interfaces!
 -> (artifact id: 'ecc8fb98336c68ac4abd4b35144b37b3') in 0.037247 seconds
Number of updated asset objects reloaded before import = 0
Number of asset objects unloaded after import = 2
========================================================================
Received Import Request.
  Time since last request: 0.000028 seconds.
  path: Assets/Game/Level_Dont_Touch/Environment_Model/Effects/hit_marker_particle/Scripts/Explosive.cs
  artifactKey: Guid(433e9c8d0293ac4429eaf19bff2b58cf) Importer(2089858483,0ecaa5967403d082aa24f35e1b516d23)
Start importing Assets/Game/Level_Dont_Touch/Environment_Model/Effects/hit_marker_particle/Scripts/Explosive.cs using Guid(433e9c8d0293ac4429eaf19bff2b58cf) Importer(2089858483,0ecaa5967403d082aa24f35e1b516d23) Generated GUIDs only implemented for interfaces!
 -> (artifact id: 'a1ec0da62ef11144fdecce1d551afb60') in 0.025550 seconds
Number of updated asset objects reloaded before import = 0
Number of asset objects unloaded after import = 1
========================================================================
Received Prepare
Refreshing native plugins compatible for Editor in 2.49 ms, found 3 plugins.
Preloading 0 native plugins for Editor in 0.00 ms.
Unloading 0 Unused Serialized files (Serialized files now loaded: 0)
Unloading 2 unused Assets / (30.0 KB). Loaded Objects now: 3602.
Memory consumption went from 74.8 MB to 74.8 MB.
Total: 2.821100 ms (FindLiveObjects: 0.245400 ms CreateObjectMapping: 0.211500 ms MarkObjects: 2.313300 ms  DeleteObjects: 0.050200 ms)

Prepare: number of updated asset objects reloaded= 0
AssetImportParameters requested are different than current active one (requested -> active):
  custom:container-demuxer-ogg: 62fdf1f143b41e24485cea50d1cbac27 -> 
  custom:video-decoder-ogg-theora: a1e56fd34408186e4bbccfd4996cb3dc -> 
  custom:framework-win-MediaFoundation: 216162199b28c13a410421893ffa2e32 -> 
  custom:scripting/monoscript/fileName/NewBehaviourScript.cs: b21687ddb03d73bd9f0c1daecb9714de -> 
  custom:CustomObjectIndexerAttribute: 756ad292c208cfabdd7b50bc23989ffe -> 
  custom:container-demuxer-webm: 4f35f7cbe854078d1ac9338744f61a02 -> 
  custom:container-muxer-webm: aa71ff27fc2769a1b78a27578f13a17b -> 
  custom:video-decoder-webm-vp8: 9c59270c3fd7afecdb556c50c9e8de78 -> 
  custom:SearchIndexIgnoredProperties: e643bd26f0fe6173181afceb89e7c659 -> 
  custom:AudioImporter_EditorPlatform: d09bf68614088b80899f8185d706f6e7 -> 
  custom:video-encoder-webm-vp8: eb34c28f22e8b96e1ab97ce403110664 -> 
  custom:audio-decoder-ogg-vorbis: bf7c407c2cedff20999df2af8eb42d56 -> 
  custom:audio-encoder-webm-vorbis: bf7c407c2cedff20999df2af8eb42d56 -> 
========================================================================
Received Prepare
Begin MonoManager ReloadAssembly
Symbol file LoadedFromMemory doesn't match image C:\Users\Administrador\Mercado\Library\PackageCache\com.unity.visualscripting@1.8.0\Editor\VisualScripting.Core\Dependencies\YamlDotNet\Unity.VisualScripting.YamlDotNet.dll
Symbol file LoadedFromMemory doesn't match image C:\Users\Administrador\Mercado\Library\PackageCache\com.unity.visualscripting@1.8.0\Editor\VisualScripting.Core\Dependencies\DotNetZip\Unity.VisualScripting.IonicZip.dll
- Loaded All Assemblies, in  0.873 seconds
Refreshing native plugins compatible for Editor in 2.74 ms, found 3 plugins.
Native extension for WindowsStandalone target not found
Native extension for AppleTV target not found
Native extension for iOS target not found
Native extension for Android target not found
Native extension for WebGL target not found
[ScriptCompilation] NOT recompiling all scripts because this is an import worker process. Reason to compile was: Define symbols changed
System.ArgumentException: There is no a valid NamedBuildTarget for BuildTargetGroup 'PSM'
  at UnityEditor.Build.NamedBuildTarget.FromBuildTargetGroup (UnityEditor.BuildTargetGroup buildTargetGroup) [0x00159] in <da771086bc2e4cfc9ad0a72e083a7f98>:0 
  at UnityEditor.PlayerSettings.GetScriptingDefineSymbolsForGroup (UnityEditor.BuildTargetGroup targetGroup) [0x00000] in <da771086bc2e4cfc9ad0a72e083a7f98>:0 
  at UnityStandardAssets.CrossPlatformInput.Inspector.CrossPlatformInitialize.GetDefinesList (UnityEditor.BuildTargetGroup group) [0x00000] in C:\Users\Administrador\Mercado\Assets\Game\Level_Dont_Touch\Standard Assets\Editor\CrossPlatformInput\CrossPlatformInputInitialize.cs:135 
  at UnityStandardAssets.CrossPlatformInput.Inspector.CrossPlatformInitialize.SetEnabled (System.String defineName, System.Boolean enable, System.Boolean mobile) [0x00018] in C:\Users\Administrador\Mercado\Assets\Game\Level_Dont_Touch\Standard Assets\Editor\CrossPlatformInput\CrossPlatformInputInitialize.cs:107 
  at UnityStandardAssets.CrossPlatformInput.Inspector.CrossPlatformInitialize..cctor () [0x00050] in C:\Users\Administrador\Mercado\Assets\Game\Level_Dont_Touch\Standard Assets\Editor\CrossPlatformInput\CrossPlatformInputInitialize.cs:22 
UnityEngine.StackTraceUtility:ExtractStackTrace ()
UnityEngine.DebugLogHandler:LogFormat (UnityEngine.LogType,UnityEngine.Object,string,object[])
UnityEngine.Logger:Log (UnityEngine.LogType,object)
UnityEngine.Debug:LogError (object)
UnityEditor.EditorAssemblies:ProcessInitializeOnLoadAttributes (System.Type[])

Mono: successfully reloaded assembly
- Finished resetting the current domain, in  1.039 seconds
Domain Reload Profiling: 1909ms
	BeginReloadAssembly (178ms)
		ExecutionOrderSort (0ms)
		DisableScriptedObjects (6ms)
		BackupInstance (0ms)
		ReleaseScriptingObjects (0ms)
		CreateAndSetChildDomain (56ms)
	RebuildCommonClasses (45ms)
	RebuildNativeTypeToScriptingClass (11ms)
	initialDomainReloadingComplete (33ms)
	LoadAllAssembliesAndSetupDomain (603ms)
		LoadAssemblies (345ms)
		RebuildTransferFunctionScriptingTraits (0ms)
		AnalyzeDomain (330ms)
			TypeCache.Refresh (323ms)
				TypeCache.ScanAssembly (307ms)
			ScanForSourceGeneratedMonoScriptInfo (2ms)
			ResolveRequiredComponents (5ms)
	FinalizeReload (1040ms)
		ReleaseScriptCaches (0ms)
		RebuildScriptCaches (0ms)
		SetupLoadedEditorAssemblies (421ms)
			LogAssemblyErrors (0ms)
			InitializePlatformSupportModulesInManaged (44ms)
			SetLoadedEditorAssemblies (5ms)
			RefreshPlugins (0ms)
			BeforeProcessingInitializeOnLoad (72ms)
			ProcessInitializeOnLoadAttributes (269ms)
			ProcessInitializeOnLoadMethodAttributes (24ms)
			AfterProcessingInitializeOnLoad (8ms)
			EditorAssembliesLoaded (0ms)
		ExecutionOrderSort2 (0ms)
		AwakeInstancesAfterBackupRestoration (8ms)
Refreshing native plugins compatible for Editor in 2.98 ms, found 3 plugins.
Preloading 0 native plugins for Editor in 0.00 ms.
Unloading 3118 Unused Serialized files (Serialized files now loaded: 0)
Unloading 22 unused Assets / (30.6 KB). Loaded Objects now: 3606.
Memory consumption went from 122.5 MB to 122.5 MB.
Total: 2.936000 ms (FindLiveObjects: 0.279500 ms CreateObjectMapping: 0.247000 ms MarkObjects: 2.366600 ms  DeleteObjects: 0.042000 ms)

Prepare: number of updated asset objects reloaded= 0
AssetImportParameters requested are different than current active one (requested -> active):
  custom:container-demuxer-ogg: 62fdf1f143b41e24485cea50d1cbac27 -> 
  custom:video-decoder-ogg-theora: a1e56fd34408186e4bbccfd4996cb3dc -> 
  custom:framework-win-MediaFoundation: 216162199b28c13a410421893ffa2e32 -> 
  custom:scripting/monoscript/fileName/NewBehaviourScript.cs: b21687ddb03d73bd9f0c1daecb9714de -> 
  custom:CustomObjectIndexerAttribute: 756ad292c208cfabdd7b50bc23989ffe -> 
  custom:container-demuxer-webm: 4f35f7cbe854078d1ac9338744f61a02 -> 
  custom:container-muxer-webm: aa71ff27fc2769a1b78a27578f13a17b -> 
  custom:video-decoder-webm-vp8: 9c59270c3fd7afecdb556c50c9e8de78 -> 
  custom:SearchIndexIgnoredProperties: e643bd26f0fe6173181afceb89e7c659 -> 
  custom:AudioImporter_EditorPlatform: d09bf68614088b80899f8185d706f6e7 -> 
  custom:video-encoder-webm-vp8: eb34c28f22e8b96e1ab97ce403110664 -> 
  custom:audio-decoder-ogg-vorbis: bf7c407c2cedff20999df2af8eb42d56 -> 
  custom:audio-encoder-webm-vorbis: bf7c407c2cedff20999df2af8eb42d56 -> 
Editor requested this worker to shutdown with reason: Scaling down because of idle timeout
TcpMessagingSession - receive error: operation aborted. errorcode: 995, details: La operacin de E/S se anul por una salida de subproceso o por una solicitud de aplicacin.
AssetImportWorker is now disconnected from the server
Process exiting
Exiting without the bug reporter. Application will terminate with return code 0